Arguments: 
  /usr/local/Cellar/node/9.5.0/bin/node /usr/local/Cellar/yarn/1.3.2/libexec/bin/yarn.js run build

PATH: 
  /usr/local/bin:/usr/bin:/bin:/usr/sbin:/sbin

Yarn version: 
  1.3.2

Node version: 
  9.5.0

Platform: 
  darwin x64

npm manifest: 
  {
    "name": "typing-game",
    "version": "1.0.0",
    "main": "index.js",
    "license": "MIT",
    "scripts": {
      "start": "node ./node_modules/webpack-dev-server/bin/webpack-dev-server.js",
      "prod": "NODE_ENV=production node server.js",
      "postinstall": "webpack -p",
      "build": "webpack -p",
      "dev": "webpack-dev-server --hot --inline"
    },
    "devDependencies": {
      "babel-core": "^6.26.0",
      "babel-loader": "^7.1.2",
      "babel-preset-es2015": "^6.24.1",
      "babel-preset-react": "^6.24.1",
      "css-loader": "^0.28.9",
      "express": "^4.16.2",
      "node-sass": "^4.7.2",
      "sass-loader": "^6.0.6",
      "style-loader": "^0.20.1",
      "webpack": "^3.10.0",
      "webpack-dev-server": "^2.11.1"
    },
    "dependencies": {
      "axios": "^0.18.0",
      "babel-core": "^6.26.0",
      "babel-loader": "^7.1.2",
      "babel-preset-es2015": "^6.24.1",
      "babel-preset-react": "^6.24.1",
      "body-parser": "^1.18.2",
      "css-loader": "^0.28.9",
      "foreman": "^2.0.0",
      "marked": "^0.3.17",
      "mongodb": "^3.0.4",
      "mongoose": "^5.0.9",
      "node-sass": "^4.7.2",
      "nodemon": "^1.17.1",
      "react": "^16.2.0",
      "react-dom": "^16.2.0",
      "sass-loader": "^6.0.6",
      "save": "^2.3.2",
      "style-loader": "^0.20.1",
      "webpack": "^3.10.0",
      "webpack-dev-server": "^2.11.1"
    },
    "module": {
          "noParse": function (content) {
          return /express/.test(content);
      }
    }
  }

yarn manifest: 
  No manifest

Lockfile: 
  No lockfile

Trace: 
  SyntaxError: /Users/cathylee/Documents/Coding Projects/typingGameReact/package.json: Unexpected token u in JSON at position 1341
      at JSON.parse (<anonymous>)
      at /usr/local/Cellar/yarn/1.3.2/libexec/lib/cli.js:770:59
      at Generator.next (<anonymous>)
      at step (/usr/local/Cellar/yarn/1.3.2/libexec/lib/cli.js:92:30)
      at /usr/local/Cellar/yarn/1.3.2/libexec/lib/cli.js:103:13
      at <anonymous>
